<?xml version="1.0" encoding="UTF-8"?>
<testng-results skipped="0" failed="0" ignored="0" total="3" passed="3">
  <reporter-output>
  </reporter-output>
  <suite name="Suite" duration-ms="60851" started-at="2021-01-31T09:36:46 IST" finished-at="2021-01-31T09:37:47 IST">
    <groups>
    </groups>
    <test name="Test" duration-ms="60851" started-at="2021-01-31T09:36:46 IST" finished-at="2021-01-31T09:37:47 IST">
      <class name="com.Testng_Concepts.Paralllel_Test">
        <test-method status="PASS" signature="amazon()[pri:0, instance:com.Testng_Concepts.Paralllel_Test@3a5ed7a6]" name="amazon" duration-ms="60622" started-at="2021-01-31T09:36:46 IST" finished-at="2021-01-31T09:37:47 IST">
          <reporter-output>
          </reporter-output>
        </test-method> <!-- amazon -->
        <test-method status="PASS" signature="instagram()[pri:0, instance:com.Testng_Concepts.Paralllel_Test@3a5ed7a6]" name="instagram" duration-ms="48114" started-at="2021-01-31T09:36:46 IST" finished-at="2021-01-31T09:37:34 IST">
          <reporter-output>
          </reporter-output>
        </test-method> <!-- instagram -->
        <test-method status="PASS" signature="facebook()[pri:0, instance:com.Testng_Concepts.Paralllel_Test@3a5ed7a6]" name="facebook" duration-ms="42468" started-at="2021-01-31T09:36:46 IST" finished-at="2021-01-31T09:37:29 IST">
          <reporter-output>
          </reporter-output>
        </test-method> <!-- facebook -->
      </class> <!-- com.Testng_Concepts.Paralllel_Test -->
    </test> <!-- Test -->
  </suite> <!-- Suite -->
</testng-results>
